<?xml version="1.0" encoding="UTF-8"?>
<testsuite xmlns:xsi="http://www.w3.org/2001/XMLSchema-instance" xsi:noNamespaceSchemaLocation="https://maven.apache.org/surefire/maven-surefire-plugin/xsd/surefire-test-report-3.0.xsd" version="3.0" name="com.example.demo.WebsocketStudy1ApplicationTests" time="11.77" tests="1" errors="0" skipped="0" failures="0">
  <properties>
[...]
</properties>
  <testcase name="contextLoads" classname="com.example.demo.WebsocketStudy1ApplicationTests" time="4.015">
    <system-out><![CDATA[23:32:16.060 [main] INFO org.springframework.test.context.support.AnnotationConfigContextLoaderUtils -- Could not detect default configuration classes for test class [com.example.demo.WebsocketStudy1ApplicationTests]: WebsocketStudy1ApplicationTests does not declare any static, non-private, non-final, nested classes annotated with @Configuration.
23:32:16.649 [main] INFO org.springframework.boot.test.context.SpringBootTestContextBootstrapper -- Found @SpringBootConfiguration com.example.demo.WebsocketStudy1Application for test class com.example.demo.WebsocketStudy1ApplicationTests
23:32:17.667 [main] INFO org.springframework.boot.devtools.restart.RestartApplicationListener -- Restart disabled due to context in which it is running

  .   ____          _            __ _ _
 /\\ / ___'_ __ _ _(_)_ __  __ _ \ \ \ \
( ( )\___ | '_ | '_| | '_ \/ _` | \ \ \ \
 \\/  ___)| |_)| | | | | || (_| |  ) ) ) )
  '  |____| .__|_| |_|_| |_\__, | / / / /
 =========|_|==============|___/=/_/_/_/

 :: Spring Boot ::                (v3.3.8)

2025-02-11T23:32:18.908+01:00  INFO 14204 --- [websocketStudy1] [           main] c.e.d.WebsocketStudy1ApplicationTests    : Starting WebsocketStudy1ApplicationTests using Java 21.0.4 with PID 14204 (started by DRE in C:\Users\DRE\Documents\WebSocketStudy\websocketStudy1)
2025-02-11T23:32:18.911+01:00  INFO 14204 --- [websocketStudy1] [           main] c.e.d.WebsocketStudy1ApplicationTests    : No active profile set, falling back to 1 default profile: "default"
2025-02-11T23:32:23.030+01:00  INFO 14204 --- [websocketStudy1] [           main] c.e.d.WebsocketStudy1ApplicationTests    : Started WebsocketStudy1ApplicationTests in 5.421 seconds (process running for 11.394)
]]></system-out>
    <system-err><![CDATA[WARNING: A Java agent has been loaded dynamically (C:\Users\DRE\.m2\repository\net\bytebuddy\byte-buddy-agent\1.14.19\byte-buddy-agent-1.14.19.jar)
WARNING: If a serviceability tool is in use, please run with -XX:+EnableDynamicAgentLoading to hide this warning
WARNING: If a serviceability tool is not in use, please run with -Djdk.instrument.traceUsage for more information
WARNING: Dynamic loading of agents will be disallowed by default in a future release
]]></system-err>
  </testcase>
</testsuite>